[2020-04-30T16:45:17-0700] DFHack 0.47.04-r1-0-g6bdbf5b0 on Windows; cwd md5: 217b2e4866; save: region1; SC_WORLD_UNLOADED; game type NONE (11)
[2020-04-30T16:45:28-0700] DFHack 0.47.04-r1-0-g6bdbf5b0 on Windows; cwd md5: 217b2e4866; save: region1; SC_WORLD_LOADED; game type DWARF_MAIN (0)
[2020-04-30T16:47:44-0700] DFHack 0.47.04-r1-0-g6bdbf5b0 on Windows; cwd md5: 217b2e4866; save: region1; SC_MAP_LOADED; game type DWARF_MAIN (0)
[2020-04-30T16:51:49-0700] DFHack 0.47.04-r1-0-g6bdbf5b0 on Windows; cwd md5: 217b2e4866; save: region1; SC_MAP_UNLOADED; game type DWARF_MAIN (0)
[2020-04-30T16:51:49-0700] DFHack 0.47.04-r1-0-g6bdbf5b0 on Windows; cwd md5: 217b2e4866; save: region1; SC_WORLD_UNLOADED; game type DWARF_MAIN (0)
[2020-04-30T16:54:33-0700] DFHack 0.47.04-r1-0-g6bdbf5b0 on Windows; cwd md5: 217b2e4866; save: region1; SC_WORLD_LOADED; game type DWARF_MAIN (0)
[2020-04-30T16:54:34-0700] DFHack 0.47.04-r1-0-g6bdbf5b0 on Windows; cwd md5: 217b2e4866; save: region1; SC_MAP_LOADED; game type DWARF_MAIN (0)
[2020-04-30T18:05:30-0700] DFHack 0.47.04-r1-0-g6bdbf5b0 on Windows; cwd md5: 217b2e4866; save: region1; SC_MAP_UNLOADED; game type DWARF_MAIN (0)
[2020-04-30T18:05:30-0700] DFHack 0.47.04-r1-0-g6bdbf5b0 on Windows; cwd md5: 217b2e4866; save: region1; SC_WORLD_UNLOADED; game type DWARF_MAIN (0)
[2020-04-30T22:17:27-0700] DFHack 0.47.04-r1-0-g6bdbf5b0 on Windows; cwd md5: 217b2e4866; save: region1; SC_WORLD_LOADED; game type DWARF_MAIN (0)
[2020-04-30T22:17:27-0700] DFHack 0.47.04-r1-0-g6bdbf5b0 on Windows; cwd md5: 217b2e4866; save: region1; SC_MAP_LOADED; game type DWARF_MAIN (0)
[2020-04-30T22:54:14-0700] DFHack 0.47.04-r1-0-g6bdbf5b0 on Windows; cwd md5: 217b2e4866; save: region1; SC_MAP_UNLOADED; game type DWARF_MAIN (0)
[2020-04-30T22:54:14-0700] DFHack 0.47.04-r1-0-g6bdbf5b0 on Windows; cwd md5: 217b2e4866; save: region1; SC_WORLD_UNLOADED; game type DWARF_MAIN (0)
[2020-05-04T19:50:38-0700] DFHack 0.47.04-r1-0-g6bdbf5b0 on Windows; cwd md5: 3ac5dd312e; save: region1; SC_WORLD_LOADED; game type DWARF_MAIN (0)
[2020-05-04T19:50:38-0700] DFHack 0.47.04-r1-0-g6bdbf5b0 on Windows; cwd md5: 3ac5dd312e; save: region1; SC_MAP_LOADED; game type DWARF_MAIN (0)
[2020-05-04T20:03:54-0700] DFHack 0.47.04-r1-0-g6bdbf5b0 on Windows; cwd md5: 3ac5dd312e; save: region1; SC_MAP_UNLOADED; game type DWARF_MAIN (0)
[2020-05-04T20:03:54-0700] DFHack 0.47.04-r1-0-g6bdbf5b0 on Windows; cwd md5: 3ac5dd312e; save: region1; SC_WORLD_UNLOADED; game type DWARF_MAIN (0)
[2020-05-04T20:05:54-0700] DFHack 0.47.04-r1-0-g6bdbf5b0 on Windows; cwd md5: 3ac5dd312e; save: region1; SC_WORLD_LOADED; game type DWARF_MAIN (0)
[2020-05-04T20:05:54-0700] DFHack 0.47.04-r1-0-g6bdbf5b0 on Windows; cwd md5: 3ac5dd312e; save: region1; SC_MAP_LOADED; game type DWARF_MAIN (0)
[2020-05-04T21:04:07-0700] DFHack 0.47.04-r1-0-g6bdbf5b0 on Windows; cwd md5: 3ac5dd312e; save: region1; SC_MAP_UNLOADED; game type DWARF_MAIN (0)
[2020-05-04T21:04:07-0700] DFHack 0.47.04-r1-0-g6bdbf5b0 on Windows; cwd md5: 3ac5dd312e; save: region1; SC_WORLD_UNLOADED; game type DWARF_MAIN (0)
[2020-05-05T16:47:26-0700] DFHack 0.47.04-r1-0-g6bdbf5b0 on Windows; cwd md5: 3ac5dd312e; save: region1; SC_WORLD_LOADED; game type DWARF_MAIN (0)
[2020-05-05T16:47:28-0700] DFHack 0.47.04-r1-0-g6bdbf5b0 on Windows; cwd md5: 3ac5dd312e; save: region1; SC_MAP_LOADED; game type DWARF_MAIN (0)
[2020-05-05T17:23:34-0700] DFHack 0.47.04-r1-0-g6bdbf5b0 on Windows; cwd md5: 3ac5dd312e; save: region1; SC_MAP_UNLOADED; game type DWARF_MAIN (0)
[2020-05-05T17:23:34-0700] DFHack 0.47.04-r1-0-g6bdbf5b0 on Windows; cwd md5: 3ac5dd312e; save: region1; SC_WORLD_UNLOADED; game type DWARF_MAIN (0)
[2020-05-23T23:00:17-0700] DFHack 0.47.04-r1-0-g6bdbf5b0 on Windows; cwd md5: 5b7e42f523; save: region1; SC_WORLD_LOADED; game type DWARF_MAIN (0)
[2020-05-23T23:00:17-0700] DFHack 0.47.04-r1-0-g6bdbf5b0 on Windows; cwd md5: 5b7e42f523; save: region1; SC_MAP_LOADED; game type DWARF_MAIN (0)
[2020-05-23T23:14:41-0700] DFHack 0.47.04-r1-0-g6bdbf5b0 on Windows; cwd md5: 0adf81b797; save: region1; SC_WORLD_LOADED; game type DWARF_MAIN (0)
[2020-05-23T23:14:41-0700] DFHack 0.47.04-r1-0-g6bdbf5b0 on Windows; cwd md5: 0adf81b797; save: region1; SC_MAP_LOADED; game type DWARF_MAIN (0)
[2020-05-23T23:41:57-0700] DFHack 0.47.04-r1-0-g6bdbf5b0 on Windows; cwd md5: 0adf81b797; save: region1; SC_MAP_UNLOADED; game type DWARF_MAIN (0)
[2020-05-23T23:41:57-0700] DFHack 0.47.04-r1-0-g6bdbf5b0 on Windows; cwd md5: 0adf81b797; save: region1; SC_WORLD_UNLOADED; game type DWARF_MAIN (0)
[2020-05-24T10:00:54-0700] DFHack 0.47.04-r1-0-g6bdbf5b0 on Windows; cwd md5: 0adf81b797; save: region1; SC_WORLD_LOADED; game type DWARF_MAIN (0)
[2020-05-24T10:00:54-0700] DFHack 0.47.04-r1-0-g6bdbf5b0 on Windows; cwd md5: 0adf81b797; save: region1; SC_MAP_LOADED; game type DWARF_MAIN (0)
[2020-05-24T12:23:10-0700] DFHack 0.47.04-r1-0-g6bdbf5b0 on Windows; cwd md5: 0adf81b797; save: region1; SC_MAP_UNLOADED; game type DWARF_MAIN (0)
[2020-05-24T12:23:10-0700] DFHack 0.47.04-r1-0-g6bdbf5b0 on Windows; cwd md5: 0adf81b797; save: region1; SC_WORLD_UNLOADED; game type DWARF_MAIN (0)
[2020-05-24T14:21:33-0700] DFHack 0.47.04-r1-0-g6bdbf5b0 on Windows; cwd md5: 0adf81b797; save: region1; SC_WORLD_LOADED; game type DWARF_MAIN (0)
[2020-05-24T14:21:34-0700] DFHack 0.47.04-r1-0-g6bdbf5b0 on Windows; cwd md5: 0adf81b797; save: region1; SC_MAP_LOADED; game type DWARF_MAIN (0)
[2020-05-24T16:14:44-0700] DFHack 0.47.04-r1-0-g6bdbf5b0 on Windows; cwd md5: 0adf81b797; save: region1; SC_MAP_UNLOADED; game type DWARF_MAIN (0)
[2020-05-24T16:15:09-0700] DFHack 0.47.04-r1-0-g6bdbf5b0 on Windows; cwd md5: 0adf81b797; save: region1; SC_WORLD_UNLOADED; game type NONE (11)
[2020-05-24T16:15:54-0700] DFHack 0.47.04-r1-0-g6bdbf5b0 on Windows; cwd md5: 0adf81b797; save: region1; SC_WORLD_LOADED; game type DWARF_MAIN (0)
[2020-05-24T16:16:12-0700] DFHack 0.47.04-r1-0-g6bdbf5b0 on Windows; cwd md5: 0adf81b797; save: region1; SC_MAP_LOADED; game type DWARF_UNRETIRE (8)
[2020-05-24T17:42:23-0700] DFHack 0.47.04-r1-0-g6bdbf5b0 on Windows; cwd md5: 0adf81b797; save: region1; SC_MAP_UNLOADED; game type DWARF_UNRETIRE (8)
[2020-05-24T17:42:23-0700] DFHack 0.47.04-r1-0-g6bdbf5b0 on Windows; cwd md5: 0adf81b797; save: region1; SC_WORLD_UNLOADED; game type DWARF_UNRETIRE (8)
[2020-05-24T20:06:53-0700] DFHack 0.47.04-r1-0-g6bdbf5b0 on Windows; cwd md5: 0adf81b797; save: region1; SC_WORLD_LOADED; game type DWARF_UNRETIRE (8)
[2020-05-24T20:06:54-0700] DFHack 0.47.04-r1-0-g6bdbf5b0 on Windows; cwd md5: 0adf81b797; save: region1; SC_MAP_LOADED; game type DWARF_UNRETIRE (8)
[2020-05-24T20:31:35-0700] DFHack 0.47.04-r1-0-g6bdbf5b0 on Windows; cwd md5: 0adf81b797; save: region1; SC_MAP_UNLOADED; game type DWARF_UNRETIRE (8)
[2020-05-24T20:32:04-0700] DFHack 0.47.04-r1-0-g6bdbf5b0 on Windows; cwd md5: 0adf81b797; save: region1; SC_WORLD_UNLOADED; game type NONE (11)
[2020-05-24T20:32:18-0700] DFHack 0.47.04-r1-0-g6bdbf5b0 on Windows; cwd md5: 0adf81b797; save: region1; SC_WORLD_LOADED; game type DWARF_MAIN (0)
[2020-05-24T20:32:40-0700] DFHack 0.47.04-r1-0-g6bdbf5b0 on Windows; cwd md5: 0adf81b797; save: region1; SC_MAP_LOADED; game type DWARF_UNRETIRE (8)
[2020-05-24T21:06:33-0700] DFHack 0.47.04-r1-0-g6bdbf5b0 on Windows; cwd md5: 0adf81b797; save: region1; SC_WORLD_LOADED; game type DWARF_MAIN (0)
[2020-05-24T21:06:49-0700] DFHack 0.47.04-r1-0-g6bdbf5b0 on Windows; cwd md5: 0adf81b797; save: region1; SC_MAP_LOADED; game type DWARF_UNRETIRE (8)
[2020-05-24T21:16:22-0700] DFHack 0.47.04-r1-0-g6bdbf5b0 on Windows; cwd md5: 0adf81b797; save: region1; SC_MAP_UNLOADED; game type DWARF_UNRETIRE (8)
[2020-05-24T21:16:22-0700] DFHack 0.47.04-r1-0-g6bdbf5b0 on Windows; cwd md5: 0adf81b797; save: region1; SC_WORLD_UNLOADED; game type DWARF_UNRETIRE (8)
[2020-05-24T21:17:25-0700] DFHack 0.47.04-r1-0-g6bdbf5b0 on Windows; cwd md5: 0adf81b797; save: region1; SC_WORLD_LOADED; game type DWARF_UNRETIRE (8)
[2020-05-24T21:17:26-0700] DFHack 0.47.04-r1-0-g6bdbf5b0 on Windows; cwd md5: 0adf81b797; save: region1; SC_MAP_LOADED; game type DWARF_UNRETIRE (8)
[2020-05-24T21:43:22-0700] DFHack 0.47.04-r1-0-g6bdbf5b0 on Windows; cwd md5: 0adf81b797; save: region1; SC_WORLD_LOADED; game type DWARF_UNRETIRE (8)
[2020-05-24T21:43:22-0700] DFHack 0.47.04-r1-0-g6bdbf5b0 on Windows; cwd md5: 0adf81b797; save: region1; SC_MAP_LOADED; game type DWARF_UNRETIRE (8)
[2020-05-24T21:44:37-0700] DFHack 0.47.04-r1-0-g6bdbf5b0 on Windows; cwd md5: 0adf81b797; save: region1; SC_WORLD_LOADED; game type DWARF_UNRETIRE (8)
[2020-05-24T21:44:37-0700] DFHack 0.47.04-r1-0-g6bdbf5b0 on Windows; cwd md5: 0adf81b797; save: region1; SC_MAP_LOADED; game type DWARF_UNRETIRE (8)
[2020-05-24T21:45:08-0700] DFHack 0.47.04-r1-0-g6bdbf5b0 on Windows; cwd md5: 0adf81b797; save: region1; SC_MAP_UNLOADED; game type DWARF_UNRETIRE (8)
[2020-05-24T21:45:08-0700] DFHack 0.47.04-r1-0-g6bdbf5b0 on Windows; cwd md5: 0adf81b797; save: region1; SC_WORLD_UNLOADED; game type DWARF_UNRETIRE (8)
[2020-05-27T13:33:58-0700] DFHack 0.47.04-r1-0-g6bdbf5b0 on Windows; cwd md5: 0adf81b797; save: region1; SC_WORLD_LOADED; game type DWARF_UNRETIRE (8)
[2020-05-27T13:33:58-0700] DFHack 0.47.04-r1-0-g6bdbf5b0 on Windows; cwd md5: 0adf81b797; save: region1; SC_MAP_LOADED; game type DWARF_UNRETIRE (8)
[2020-05-27T13:35:00-0700] DFHack 0.47.04-r1-0-g6bdbf5b0 on Windows; cwd md5: 0adf81b797; save: region1; SC_WORLD_LOADED; game type DWARF_UNRETIRE (8)
[2020-05-27T13:35:00-0700] DFHack 0.47.04-r1-0-g6bdbf5b0 on Windows; cwd md5: 0adf81b797; save: region1; SC_MAP_LOADED; game type DWARF_UNRETIRE (8)
[2020-05-27T13:48:11-0700] DFHack 0.47.04-r1-0-g6bdbf5b0 on Windows; cwd md5: 0adf81b797; save: region1; SC_MAP_UNLOADED; game type DWARF_UNRETIRE (8)
[2020-05-27T13:48:38-0700] DFHack 0.47.04-r1-0-g6bdbf5b0 on Windows; cwd md5: 0adf81b797; save: region1; SC_WORLD_UNLOADED; game type NONE (11)
[2020-05-27T13:48:49-0700] DFHack 0.47.04-r1-0-g6bdbf5b0 on Windows; cwd md5: 0adf81b797; save: region1; SC_WORLD_LOADED; game type DWARF_MAIN (0)
[2020-05-27T13:49:08-0700] DFHack 0.47.04-r1-0-g6bdbf5b0 on Windows; cwd md5: 0adf81b797; save: region1; SC_MAP_LOADED; game type DWARF_UNRETIRE (8)
[2020-05-27T13:53:14-0700] DFHack 0.47.04-r1-0-g6bdbf5b0 on Windows; cwd md5: 0adf81b797; save: region1; SC_MAP_UNLOADED; game type DWARF_UNRETIRE (8)
[2020-05-27T13:53:54-0700] DFHack 0.47.04-r1-0-g6bdbf5b0 on Windows; cwd md5: 0adf81b797; save: region1; SC_WORLD_UNLOADED; game type NONE (11)
[2020-05-27T13:54:05-0700] DFHack 0.47.04-r1-0-g6bdbf5b0 on Windows; cwd md5: 0adf81b797; save: region1; SC_WORLD_LOADED; game type DWARF_MAIN (0)
[2020-05-27T13:55:16-0700] DFHack 0.47.04-r1-0-g6bdbf5b0 on Windows; cwd md5: 0adf81b797; save: region1; SC_MAP_LOADED; game type DWARF_MAIN (0)
[2020-05-27T15:51:24-0700] DFHack 0.47.04-r1-0-g6bdbf5b0 on Windows; cwd md5: 0adf81b797; save: region1; SC_MAP_UNLOADED; game type DWARF_MAIN (0)
[2020-05-27T15:51:24-0700] DFHack 0.47.04-r1-0-g6bdbf5b0 on Windows; cwd md5: 0adf81b797; save: region1; SC_WORLD_UNLOADED; game type DWARF_MAIN (0)
[2020-05-27T16:34:23-0700] DFHack 0.47.04-r1-0-g6bdbf5b0 on Windows; cwd md5: 0adf81b797; save: region1; SC_WORLD_LOADED; game type DWARF_MAIN (0)
[2020-05-27T16:34:24-0700] DFHack 0.47.04-r1-0-g6bdbf5b0 on Windows; cwd md5: 0adf81b797; save: region1; SC_MAP_LOADED; game type DWARF_MAIN (0)
[2020-05-27T18:26:21-0700] DFHack 0.47.04-r1-0-g6bdbf5b0 on Windows; cwd md5: 0adf81b797; save: region1; SC_MAP_UNLOADED; game type DWARF_MAIN (0)
[2020-05-27T18:26:21-0700] DFHack 0.47.04-r1-0-g6bdbf5b0 on Windows; cwd md5: 0adf81b797; save: region1; SC_WORLD_UNLOADED; game type DWARF_MAIN (0)
[2020-05-27T19:32:28-0700] DFHack 0.47.04-r1-0-g6bdbf5b0 on Windows; cwd md5: 0adf81b797; save: region1; SC_WORLD_LOADED; game type DWARF_MAIN (0)
[2020-05-27T19:32:30-0700] DFHack 0.47.04-r1-0-g6bdbf5b0 on Windows; cwd md5: 0adf81b797; save: region1; SC_MAP_LOADED; game type DWARF_MAIN (0)
[2020-05-27T20:09:46-0700] DFHack 0.47.04-r1-0-g6bdbf5b0 on Windows; cwd md5: 0adf81b797; save: region1; SC_MAP_UNLOADED; game type DWARF_MAIN (0)
[2020-05-27T20:09:46-0700] DFHack 0.47.04-r1-0-g6bdbf5b0 on Windows; cwd md5: 0adf81b797; save: region1; SC_WORLD_UNLOADED; game type DWARF_MAIN (0)
[2020-05-27T20:10:36-0700] DFHack 0.47.04-r1-0-g6bdbf5b0 on Windows; cwd md5: 0adf81b797; save: region1; SC_WORLD_LOADED; game type DWARF_MAIN (0)
[2020-05-27T20:10:38-0700] DFHack 0.47.04-r1-0-g6bdbf5b0 on Windows; cwd md5: 0adf81b797; save: region1; SC_MAP_LOADED; game type DWARF_MAIN (0)
[2020-05-27T21:29:27-0700] DFHack 0.47.04-r1-0-g6bdbf5b0 on Windows; cwd md5: 0adf81b797; save: region1; SC_MAP_UNLOADED; game type DWARF_MAIN (0)
[2020-05-27T21:29:27-0700] DFHack 0.47.04-r1-0-g6bdbf5b0 on Windows; cwd md5: 0adf81b797; save: region1; SC_WORLD_UNLOADED; game type DWARF_MAIN (0)
[2020-05-28T11:38:38-0700] DFHack 0.47.04-r1-0-g6bdbf5b0 on Windows; cwd md5: 0adf81b797; save: region1; SC_WORLD_LOADED; game type DWARF_MAIN (0)
[2020-05-28T11:38:38-0700] DFHack 0.47.04-r1-0-g6bdbf5b0 on Windows; cwd md5: 0adf81b797; save: region1; SC_MAP_LOADED; game type DWARF_MAIN (0)
[2020-05-28T13:34:12-0700] DFHack 0.47.04-r1-0-g6bdbf5b0 on Windows; cwd md5: 0adf81b797; save: region1; SC_MAP_UNLOADED; game type DWARF_MAIN (0)
[2020-05-28T13:34:12-0700] DFHack 0.47.04-r1-0-g6bdbf5b0 on Windows; cwd md5: 0adf81b797; save: region1; SC_WORLD_UNLOADED; game type DWARF_MAIN (0)
[2020-05-28T13:35:06-0700] DFHack 0.47.04-r1-0-g6bdbf5b0 on Windows; cwd md5: 0adf81b797; save: region1; SC_WORLD_LOADED; game type DWARF_MAIN (0)
[2020-05-28T13:35:07-0700] DFHack 0.47.04-r1-0-g6bdbf5b0 on Windows; cwd md5: 0adf81b797; save: region1; SC_MAP_LOADED; game type DWARF_MAIN (0)
[2020-05-28T15:41:42-0700] DFHack 0.47.04-r1-0-g6bdbf5b0 on Windows; cwd md5: 0adf81b797; save: region1; SC_MAP_UNLOADED; game type DWARF_MAIN (0)
[2020-05-28T15:41:42-0700] DFHack 0.47.04-r1-0-g6bdbf5b0 on Windows; cwd md5: 0adf81b797; save: region1; SC_WORLD_UNLOADED; game type DWARF_MAIN (0)
[2020-05-31T18:41:44-0700] DFHack 0.47.04-r1-0-g6bdbf5b0 on Windows; cwd md5: 346d99e518; save: region1; SC_WORLD_LOADED; game type DWARF_MAIN (0)
[2020-05-31T18:41:44-0700] DFHack 0.47.04-r1-0-g6bdbf5b0 on Windows; cwd md5: 346d99e518; save: region1; SC_MAP_LOADED; game type DWARF_MAIN (0)
[2020-06-01T10:19:13-0700] DFHack 0.47.04-r1-0-g6bdbf5b0 on Windows; cwd md5: 346d99e518; save: region1; SC_WORLD_LOADED; game type DWARF_MAIN (0)
[2020-06-01T10:19:14-0700] DFHack 0.47.04-r1-0-g6bdbf5b0 on Windows; cwd md5: 346d99e518; save: region1; SC_MAP_LOADED; game type DWARF_MAIN (0)
[2020-06-01T10:51:13-0700] DFHack 0.47.04-r1-0-g6bdbf5b0 on Windows; cwd md5: 346d99e518; save: region1; SC_MAP_UNLOADED; game type DWARF_MAIN (0)
[2020-06-01T10:51:13-0700] DFHack 0.47.04-r1-0-g6bdbf5b0 on Windows; cwd md5: 346d99e518; save: region1; SC_WORLD_UNLOADED; game type DWARF_MAIN (0)
[2020-06-01T13:10:13-0700] DFHack 0.47.04-r1-0-g6bdbf5b0 on Windows; cwd md5: 9a53e3579a; save: region1; SC_WORLD_LOADED; game type DWARF_MAIN (0)
[2020-06-01T13:10:13-0700] DFHack 0.47.04-r1-0-g6bdbf5b0 on Windows; cwd md5: 9a53e3579a; save: region1; SC_MAP_LOADED; game type DWARF_MAIN (0)
[2020-06-01T13:25:04-0700] DFHack 0.47.04-r1-0-g6bdbf5b0 on Windows; cwd md5: 9a53e3579a; save: region1; SC_WORLD_LOADED; game type DWARF_MAIN (0)
[2020-06-01T13:25:04-0700] DFHack 0.47.04-r1-0-g6bdbf5b0 on Windows; cwd md5: 9a53e3579a; save: region1; SC_MAP_LOADED; game type DWARF_MAIN (0)
[2020-06-01T15:03:38-0700] DFHack 0.47.04-r1-0-g6bdbf5b0 on Windows; cwd md5: 9a53e3579a; save: region1; SC_MAP_UNLOADED; game type DWARF_MAIN (0)
[2020-06-01T15:03:38-0700] DFHack 0.47.04-r1-0-g6bdbf5b0 on Windows; cwd md5: 9a53e3579a; save: region1; SC_WORLD_UNLOADED; game type DWARF_MAIN (0)
[2020-06-01T17:58:44-0700] DFHack 0.47.04-r1-0-g6bdbf5b0 on Windows; cwd md5: 9a53e3579a; save: region1; SC_WORLD_LOADED; game type DWARF_MAIN (0)
[2020-06-01T17:58:44-0700] DFHack 0.47.04-r1-0-g6bdbf5b0 on Windows; cwd md5: 9a53e3579a; save: region1; SC_MAP_LOADED; game type DWARF_MAIN (0)
[2020-06-01T18:55:55-0700] DFHack 0.47.04-r1-0-g6bdbf5b0 on Windows; cwd md5: 9a53e3579a; save: region1; SC_MAP_UNLOADED; game type DWARF_MAIN (0)
[2020-06-01T18:55:55-0700] DFHack 0.47.04-r1-0-g6bdbf5b0 on Windows; cwd md5: 9a53e3579a; save: region1; SC_WORLD_UNLOADED; game type DWARF_MAIN (0)
[2020-06-01T20:11:05-0700] DFHack 0.47.04-r1-0-g6bdbf5b0 on Windows; cwd md5: 9a53e3579a; save: region1; SC_WORLD_LOADED; game type DWARF_MAIN (0)
[2020-06-01T20:11:06-0700] DFHack 0.47.04-r1-0-g6bdbf5b0 on Windows; cwd md5: 9a53e3579a; save: region1; SC_MAP_LOADED; game type DWARF_MAIN (0)
[2020-06-01T20:16:14-0700] DFHack 0.47.04-r1-0-g6bdbf5b0 on Windows; cwd md5: 9a53e3579a; save: region1; SC_MAP_UNLOADED; game type DWARF_MAIN (0)
[2020-06-01T20:16:35-0700] DFHack 0.47.04-r1-0-g6bdbf5b0 on Windows; cwd md5: 9a53e3579a; save: region1; SC_WORLD_UNLOADED; game type NONE (11)
[2020-06-01T20:16:45-0700] DFHack 0.47.04-r1-0-g6bdbf5b0 on Windows; cwd md5: 9a53e3579a; save: region1; SC_WORLD_LOADED; game type ADVENTURE_MAIN (1)
[2020-06-01T20:22:47-0700] DFHack 0.47.04-r1-0-g6bdbf5b0 on Windows; cwd md5: 9a53e3579a; save: region1; SC_WORLD_LOADED; game type DWARF_MAIN (0)
[2020-06-01T20:22:57-0700] DFHack 0.47.04-r1-0-g6bdbf5b0 on Windows; cwd md5: 9a53e3579a; save: region1; SC_WORLD_UNLOADED; game type NONE (11)
[2020-06-01T20:23:05-0700] DFHack 0.47.04-r1-0-g6bdbf5b0 on Windows; cwd md5: 9a53e3579a; save: region1; SC_WORLD_LOADED; game type ADVENTURE_MAIN (1)
[2020-06-01T20:27:18-0700] DFHack 0.47.04-r1-0-g6bdbf5b0 on Windows; cwd md5: 9a53e3579a; save: region1; SC_WORLD_LOADED; game type ADVENTURE_MAIN (1)
[2020-06-01T20:34:37-0700] DFHack 0.47.04-r1-0-g6bdbf5b0 on Windows; cwd md5: 9a53e3579a; save: region1; SC_MAP_LOADED; game type ADVENTURE_MAIN (1)
[2020-06-01T20:35:06-0700] DFHack 0.47.04-r1-0-g6bdbf5b0 on Windows; cwd md5: 9a53e3579a; save: region1; SC_MAP_UNLOADED; game type ADVENTURE_MAIN (1)
[2020-06-01T20:36:11-0700] DFHack 0.47.04-r1-0-g6bdbf5b0 on Windows; cwd md5: 9a53e3579a; save: region1; SC_WORLD_LOADED; game type ADVENTURE_MAIN (1)
[2020-06-01T20:39:15-0700] DFHack 0.47.04-r1-0-g6bdbf5b0 on Windows; cwd md5: 9a53e3579a; save: region1; SC_MAP_LOADED; game type ADVENTURE_MAIN (1)
[2020-06-01T20:39:20-0700] DFHack 0.47.04-r1-0-g6bdbf5b0 on Windows; cwd md5: 9a53e3579a; save: region1; SC_MAP_UNLOADED; game type ADVENTURE_MAIN (1)
[2020-06-01T20:39:20-0700] DFHack 0.47.04-r1-0-g6bdbf5b0 on Windows; cwd md5: 9a53e3579a; save: region1; SC_WORLD_UNLOADED; game type ADVENTURE_MAIN (1)
[2020-06-01T20:39:46-0700] DFHack 0.47.04-r1-0-g6bdbf5b0 on Windows; cwd md5: 9a53e3579a; save: region1; SC_WORLD_LOADED; game type ADVENTURE_MAIN (1)
[2020-06-01T20:39:47-0700] DFHack 0.47.04-r1-0-g6bdbf5b0 on Windows; cwd md5: 9a53e3579a; save: region1; SC_MAP_LOADED; game type ADVENTURE_MAIN (1)
[2020-06-01T20:39:57-0700] DFHack 0.47.04-r1-0-g6bdbf5b0 on Windows; cwd md5: 9a53e3579a; save: region1; SC_MAP_UNLOADED; game type ADVENTURE_MAIN (1)
[2020-06-01T20:40:06-0700] DFHack 0.47.04-r1-0-g6bdbf5b0 on Windows; cwd md5: 9a53e3579a; save: region1; SC_MAP_LOADED; game type ADVENTURE_MAIN (1)
[2020-06-01T20:44:12-0700] DFHack 0.47.04-r1-0-g6bdbf5b0 on Windows; cwd md5: 9a53e3579a; save: region1; SC_MAP_UNLOADED; game type ADVENTURE_MAIN (1)
[2020-06-01T20:45:00-0700] DFHack 0.47.04-r1-0-g6bdbf5b0 on Windows; cwd md5: 9a53e3579a; save: region1; SC_WORLD_LOADED; game type ADVENTURE_MAIN (1)
[2020-06-01T20:45:00-0700] DFHack 0.47.04-r1-0-g6bdbf5b0 on Windows; cwd md5: 9a53e3579a; save: region1; SC_MAP_LOADED; game type ADVENTURE_MAIN (1)
[2020-06-01T20:45:05-0700] DFHack 0.47.04-r1-0-g6bdbf5b0 on Windows; cwd md5: 9a53e3579a; save: region1; SC_MAP_UNLOADED; game type ADVENTURE_MAIN (1)
[2020-06-01T20:45:25-0700] DFHack 0.47.04-r1-0-g6bdbf5b0 on Windows; cwd md5: 9a53e3579a; save: region1; SC_MAP_LOADED; game type ADVENTURE_MAIN (1)
[2020-06-01T20:45:47-0700] DFHack 0.47.04-r1-0-g6bdbf5b0 on Windows; cwd md5: 9a53e3579a; save: region1; SC_MAP_UNLOADED; game type ADVENTURE_MAIN (1)
[2020-06-01T20:46:05-0700] DFHack 0.47.04-r1-0-g6bdbf5b0 on Windows; cwd md5: 9a53e3579a; save: region1; SC_MAP_LOADED; game type ADVENTURE_MAIN (1)
[2020-06-01T20:53:49-0700] DFHack 0.47.04-r1-0-g6bdbf5b0 on Windows; cwd md5: 9a53e3579a; save: region1; SC_MAP_UNLOADED; game type ADVENTURE_MAIN (1)
[2020-06-01T20:54:40-0700] DFHack 0.47.04-r1-0-g6bdbf5b0 on Windows; cwd md5: 9a53e3579a; save: region1; SC_MAP_LOADED; game type ADVENTURE_MAIN (1)
[2020-06-01T20:54:44-0700] DFHack 0.47.04-r1-0-g6bdbf5b0 on Windows; cwd md5: 9a53e3579a; save: region1; SC_MAP_UNLOADED; game type ADVENTURE_MAIN (1)
[2020-06-01T20:54:44-0700] DFHack 0.47.04-r1-0-g6bdbf5b0 on Windows; cwd md5: 9a53e3579a; save: region1; SC_WORLD_UNLOADED; game type ADVENTURE_MAIN (1)
[2020-06-01T20:55:12-0700] DFHack 0.47.04-r1-0-g6bdbf5b0 on Windows; cwd md5: 9a53e3579a; save: region1; SC_WORLD_LOADED; game type ADVENTURE_MAIN (1)
[2020-06-01T20:55:12-0700] DFHack 0.47.04-r1-0-g6bdbf5b0 on Windows; cwd md5: 9a53e3579a; save: region1; SC_MAP_LOADED; game type ADVENTURE_MAIN (1)
[2020-06-01T20:55:47-0700] DFHack 0.47.04-r1-0-g6bdbf5b0 on Windows; cwd md5: 9a53e3579a; save: region1; SC_WORLD_LOADED; game type ADVENTURE_MAIN (1)
[2020-06-01T20:55:47-0700] DFHack 0.47.04-r1-0-g6bdbf5b0 on Windows; cwd md5: 9a53e3579a; save: region1; SC_MAP_LOADED; game type ADVENTURE_MAIN (1)
[2020-06-01T21:04:36-0700] DFHack 0.47.04-r1-0-g6bdbf5b0 on Windows; cwd md5: 9a53e3579a; save: region1; SC_MAP_UNLOADED; game type ADVENTURE_MAIN (1)
[2020-06-01T21:04:36-0700] DFHack 0.47.04-r1-0-g6bdbf5b0 on Windows; cwd md5: 9a53e3579a; save: region1; SC_WORLD_UNLOADED; game type ADVENTURE_MAIN (1)
[2020-06-01T21:06:02-0700] DFHack 0.47.04-r1-0-g6bdbf5b0 on Windows; cwd md5: 9a53e3579a; save: region1; SC_WORLD_LOADED; game type ADVENTURE_MAIN (1)
[2020-06-01T21:06:03-0700] DFHack 0.47.04-r1-0-g6bdbf5b0 on Windows; cwd md5: 9a53e3579a; save: region1; SC_MAP_LOADED; game type ADVENTURE_MAIN (1)
[2020-06-01T21:06:28-0700] DFHack 0.47.04-r1-0-g6bdbf5b0 on Windows; cwd md5: 9a53e3579a; save: region1; SC_MAP_UNLOADED; game type ADVENTURE_MAIN (1)
[2020-06-01T21:06:30-0700] DFHack 0.47.04-r1-0-g6bdbf5b0 on Windows; cwd md5: 9a53e3579a; save: region1; SC_MAP_LOADED; game type ADVENTURE_MAIN (1)
[2020-06-01T21:09:04-0700] DFHack 0.47.04-r1-0-g6bdbf5b0 on Windows; cwd md5: 9a53e3579a; save: region1; SC_MAP_UNLOADED; game type ADVENTURE_MAIN (1)
[2020-06-01T21:09:59-0700] DFHack 0.47.04-r1-0-g6bdbf5b0 on Windows; cwd md5: 9a53e3579a; save: region1; SC_MAP_LOADED; game type ADVENTURE_MAIN (1)
[2020-06-01T21:10:20-0700] DFHack 0.47.04-r1-0-g6bdbf5b0 on Windows; cwd md5: 9a53e3579a; save: region1; SC_MAP_UNLOADED; game type ADVENTURE_MAIN (1)
[2020-06-01T21:10:39-0700] DFHack 0.47.04-r1-0-g6bdbf5b0 on Windows; cwd md5: 9a53e3579a; save: region1; SC_MAP_LOADED; game type ADVENTURE_MAIN (1)
[2020-06-01T21:11:26-0700] DFHack 0.47.04-r1-0-g6bdbf5b0 on Windows; cwd md5: 9a53e3579a; save: region1; SC_MAP_UNLOADED; game type ADVENTURE_MAIN (1)
[2020-06-01T21:11:53-0700] DFHack 0.47.04-r1-0-g6bdbf5b0 on Windows; cwd md5: 9a53e3579a; save: region1; SC_MAP_LOADED; game type ADVENTURE_MAIN (1)
[2020-06-01T21:12:30-0700] DFHack 0.47.04-r1-0-g6bdbf5b0 on Windows; cwd md5: 9a53e3579a; save: region1; SC_MAP_UNLOADED; game type ADVENTURE_MAIN (1)
[2020-06-01T21:12:50-0700] DFHack 0.47.04-r1-0-g6bdbf5b0 on Windows; cwd md5: 9a53e3579a; save: region1; SC_MAP_LOADED; game type ADVENTURE_MAIN (1)
[2020-06-01T21:12:53-0700] DFHack 0.47.04-r1-0-g6bdbf5b0 on Windows; cwd md5: 9a53e3579a; save: region1; SC_MAP_UNLOADED; game type ADVENTURE_MAIN (1)
[2020-06-01T21:12:55-0700] DFHack 0.47.04-r1-0-g6bdbf5b0 on Windows; cwd md5: 9a53e3579a; save: region1; SC_MAP_LOADED; game type ADVENTURE_MAIN (1)
[2020-06-01T21:13:42-0700] DFHack 0.47.04-r1-0-g6bdbf5b0 on Windows; cwd md5: 9a53e3579a; save: region1; SC_MAP_UNLOADED; game type ADVENTURE_MAIN (1)
[2020-06-01T21:14:33-0700] DFHack 0.47.04-r1-0-g6bdbf5b0 on Windows; cwd md5: 9a53e3579a; save: region1; SC_MAP_LOADED; game type ADVENTURE_MAIN (1)
[2020-06-01T21:17:17-0700] DFHack 0.47.04-r1-0-g6bdbf5b0 on Windows; cwd md5: 9a53e3579a; save: region1; SC_MAP_UNLOADED; game type ADVENTURE_MAIN (1)
[2020-06-01T21:17:35-0700] DFHack 0.47.04-r1-0-g6bdbf5b0 on Windows; cwd md5: 9a53e3579a; save: region1; SC_MAP_LOADED; game type ADVENTURE_MAIN (1)
[2020-06-01T21:17:43-0700] DFHack 0.47.04-r1-0-g6bdbf5b0 on Windows; cwd md5: 9a53e3579a; save: region1; SC_MAP_UNLOADED; game type ADVENTURE_MAIN (1)
[2020-06-01T21:17:43-0700] DFHack 0.47.04-r1-0-g6bdbf5b0 on Windows; cwd md5: 9a53e3579a; save: region1; SC_WORLD_UNLOADED; game type ADVENTURE_MAIN (1)
[2020-06-01T21:18:10-0700] DFHack 0.47.04-r1-0-g6bdbf5b0 on Windows; cwd md5: 9a53e3579a; save: region1; SC_WORLD_LOADED; game type ADVENTURE_MAIN (1)
[2020-06-01T21:18:10-0700] DFHack 0.47.04-r1-0-g6bdbf5b0 on Windows; cwd md5: 9a53e3579a; save: region1; SC_MAP_LOADED; game type ADVENTURE_MAIN (1)
[2020-06-01T21:18:40-0700] DFHack 0.47.04-r1-0-g6bdbf5b0 on Windows; cwd md5: 9a53e3579a; save: region1; SC_MAP_UNLOADED; game type ADVENTURE_MAIN (1)
[2020-06-01T21:18:44-0700] DFHack 0.47.04-r1-0-g6bdbf5b0 on Windows; cwd md5: 9a53e3579a; save: region1; SC_MAP_LOADED; game type ADVENTURE_MAIN (1)
[2020-06-01T21:26:53-0700] DFHack 0.47.04-r1-0-g6bdbf5b0 on Windows; cwd md5: 9a53e3579a; save: region1; SC_MAP_UNLOADED; game type ADVENTURE_MAIN (1)
[2020-06-01T21:26:53-0700] DFHack 0.47.04-r1-0-g6bdbf5b0 on Windows; cwd md5: 9a53e3579a; save: region1; SC_WORLD_UNLOADED; game type ADVENTURE_MAIN (1)
[2020-06-01T21:27:20-0700] DFHack 0.47.04-r1-0-g6bdbf5b0 on Windows; cwd md5: 9a53e3579a; save: region1; SC_WORLD_LOADED; game type ADVENTURE_MAIN (1)
[2020-06-01T21:27:20-0700] DFHack 0.47.04-r1-0-g6bdbf5b0 on Windows; cwd md5: 9a53e3579a; save: region1; SC_MAP_LOADED; game type ADVENTURE_MAIN (1)
[2020-06-01T22:10:53-0700] DFHack 0.47.04-r1-0-g6bdbf5b0 on Windows; cwd md5: 9a53e3579a; save: region1; SC_MAP_UNLOADED; game type ADVENTURE_MAIN (1)
[2020-06-01T22:10:56-0700] DFHack 0.47.04-r1-0-g6bdbf5b0 on Windows; cwd md5: 9a53e3579a; save: region1; SC_MAP_LOADED; game type ADVENTURE_MAIN (1)
[2020-06-01T22:11:05-0700] DFHack 0.47.04-r1-0-g6bdbf5b0 on Windows; cwd md5: 9a53e3579a; save: region1; SC_MAP_UNLOADED; game type ADVENTURE_MAIN (1)
[2020-06-01T22:11:06-0700] DFHack 0.47.04-r1-0-g6bdbf5b0 on Windows; cwd md5: 9a53e3579a; save: region1; SC_MAP_LOADED; game type ADVENTURE_MAIN (1)
[2020-06-01T22:11:13-0700] DFHack 0.47.04-r1-0-g6bdbf5b0 on Windows; cwd md5: 9a53e3579a; save: region1; SC_MAP_UNLOADED; game type ADVENTURE_MAIN (1)
[2020-06-01T22:11:13-0700] DFHack 0.47.04-r1-0-g6bdbf5b0 on Windows; cwd md5: 9a53e3579a; save: region1; SC_WORLD_UNLOADED; game type ADVENTURE_MAIN (1)
[2020-06-01T22:11:40-0700] DFHack 0.47.04-r1-0-g6bdbf5b0 on Windows; cwd md5: 9a53e3579a; save: region1; SC_WORLD_LOADED; game type ADVENTURE_MAIN (1)
[2020-06-01T22:11:41-0700] DFHack 0.47.04-r1-0-g6bdbf5b0 on Windows; cwd md5: 9a53e3579a; save: region1; SC_MAP_LOADED; game type ADVENTURE_MAIN (1)
[2020-06-01T22:11:43-0700] DFHack 0.47.04-r1-0-g6bdbf5b0 on Windows; cwd md5: 9a53e3579a; save: region1; SC_MAP_UNLOADED; game type ADVENTURE_MAIN (1)
[2020-06-01T22:11:43-0700] DFHack 0.47.04-r1-0-g6bdbf5b0 on Windows; cwd md5: 9a53e3579a; save: region1; SC_WORLD_UNLOADED; game type ADVENTURE_MAIN (1)
[2020-06-01T22:14:32-0700] DFHack 0.47.04-r1-0-g6bdbf5b0 on Windows; cwd md5: 9a53e3579a; save: region1; SC_WORLD_LOADED; game type ADVENTURE_MAIN (1)
[2020-06-01T22:14:33-0700] DFHack 0.47.04-r1-0-g6bdbf5b0 on Windows; cwd md5: 9a53e3579a; save: region1; SC_MAP_LOADED; game type ADVENTURE_MAIN (1)
[2020-06-01T22:14:38-0700] DFHack 0.47.04-r1-0-g6bdbf5b0 on Windows; cwd md5: 9a53e3579a; save: region1; SC_MAP_UNLOADED; game type ADVENTURE_MAIN (1)
[2020-06-01T22:15:03-0700] DFHack 0.47.04-r1-0-g6bdbf5b0 on Windows; cwd md5: 9a53e3579a; save: region1; SC_MAP_LOADED; game type ADVENTURE_MAIN (1)
[2020-06-01T22:35:58-0700] DFHack 0.47.04-r1-0-g6bdbf5b0 on Windows; cwd md5: 9a53e3579a; save: region1; SC_MAP_UNLOADED; game type ADVENTURE_MAIN (1)
[2020-06-01T22:36:13-0700] DFHack 0.47.04-r1-0-g6bdbf5b0 on Windows; cwd md5: 9a53e3579a; save: region1; SC_MAP_LOADED; game type ADVENTURE_MAIN (1)
[2020-06-01T22:36:16-0700] DFHack 0.47.04-r1-0-g6bdbf5b0 on Windows; cwd md5: 9a53e3579a; save: region1; SC_MAP_UNLOADED; game type ADVENTURE_MAIN (1)
[2020-06-01T22:36:16-0700] DFHack 0.47.04-r1-0-g6bdbf5b0 on Windows; cwd md5: 9a53e3579a; save: region1; SC_WORLD_UNLOADED; game type ADVENTURE_MAIN (1)
[2020-06-01T22:36:45-0700] DFHack 0.47.04-r1-0-g6bdbf5b0 on Windows; cwd md5: 9a53e3579a; save: region1; SC_WORLD_LOADED; game type ADVENTURE_MAIN (1)
[2020-06-01T22:36:46-0700] DFHack 0.47.04-r1-0-g6bdbf5b0 on Windows; cwd md5: 9a53e3579a; save: region1; SC_MAP_LOADED; game type ADVENTURE_MAIN (1)
[2020-06-01T22:39:00-0700] DFHack 0.47.04-r1-0-g6bdbf5b0 on Windows; cwd md5: 9a53e3579a; save: region1; SC_MAP_UNLOADED; game type ADVENTURE_MAIN (1)
[2020-06-01T22:39:21-0700] DFHack 0.47.04-r1-0-g6bdbf5b0 on Windows; cwd md5: 9a53e3579a; save: region1; SC_MAP_LOADED; game type ADVENTURE_MAIN (1)
[2020-06-01T22:40:41-0700] DFHack 0.47.04-r1-0-g6bdbf5b0 on Windows; cwd md5: 9a53e3579a; save: region1; SC_MAP_UNLOADED; game type ADVENTURE_MAIN (1)
[2020-06-01T22:40:48-0700] DFHack 0.47.04-r1-0-g6bdbf5b0 on Windows; cwd md5: 9a53e3579a; save: region1; SC_MAP_LOADED; game type ADVENTURE_MAIN (1)
[2020-06-01T22:41:02-0700] DFHack 0.47.04-r1-0-g6bdbf5b0 on Windows; cwd md5: 9a53e3579a; save: region1; SC_MAP_UNLOADED; game type ADVENTURE_MAIN (1)
[2020-06-01T22:41:03-0700] DFHack 0.47.04-r1-0-g6bdbf5b0 on Windows; cwd md5: 9a53e3579a; save: region1; SC_MAP_LOADED; game type ADVENTURE_MAIN (1)
[2020-06-01T22:41:06-0700] DFHack 0.47.04-r1-0-g6bdbf5b0 on Windows; cwd md5: 9a53e3579a; save: region1; SC_MAP_UNLOADED; game type ADVENTURE_MAIN (1)
[2020-06-01T22:41:36-0700] DFHack 0.47.04-r1-0-g6bdbf5b0 on Windows; cwd md5: 9a53e3579a; save: region1; SC_MAP_LOADED; game type ADVENTURE_MAIN (1)
[2020-06-01T22:52:06-0700] DFHack 0.47.04-r1-0-g6bdbf5b0 on Windows; cwd md5: 9a53e3579a; save: region1; SC_MAP_UNLOADED; game type ADVENTURE_MAIN (1)
[2020-06-01T22:52:29-0700] DFHack 0.47.04-r1-0-g6bdbf5b0 on Windows; cwd md5: 9a53e3579a; save: region1; SC_MAP_LOADED; game type ADVENTURE_MAIN (1)
[2020-06-01T22:52:33-0700] DFHack 0.47.04-r1-0-g6bdbf5b0 on Windows; cwd md5: 9a53e3579a; save: region1; SC_MAP_UNLOADED; game type ADVENTURE_MAIN (1)
[2020-06-01T22:52:35-0700] DFHack 0.47.04-r1-0-g6bdbf5b0 on Windows; cwd md5: 9a53e3579a; save: region1; SC_MAP_LOADED; game type ADVENTURE_MAIN (1)
[2020-06-01T22:52:40-0700] DFHack 0.47.04-r1-0-g6bdbf5b0 on Windows; cwd md5: 9a53e3579a; save: region1; SC_MAP_UNLOADED; game type ADVENTURE_MAIN (1)
[2020-06-01T22:53:14-0700] DFHack 0.47.04-r1-0-g6bdbf5b0 on Windows; cwd md5: 9a53e3579a; save: region1; SC_MAP_LOADED; game type ADVENTURE_MAIN (1)
[2020-06-01T22:53:17-0700] DFHack 0.47.04-r1-0-g6bdbf5b0 on Windows; cwd md5: 9a53e3579a; save: region1; SC_MAP_UNLOADED; game type ADVENTURE_MAIN (1)
[2020-06-01T22:53:19-0700] DFHack 0.47.04-r1-0-g6bdbf5b0 on Windows; cwd md5: 9a53e3579a; save: region1; SC_MAP_LOADED; game type ADVENTURE_MAIN (1)
[2020-06-01T22:53:22-0700] DFHack 0.47.04-r1-0-g6bdbf5b0 on Windows; cwd md5: 9a53e3579a; save: region1; SC_MAP_UNLOADED; game type ADVENTURE_MAIN (1)
[2020-06-01T22:54:15-0700] DFHack 0.47.04-r1-0-g6bdbf5b0 on Windows; cwd md5: 9a53e3579a; save: region1; SC_MAP_LOADED; game type ADVENTURE_MAIN (1)
[2020-06-01T22:54:18-0700] DFHack 0.47.04-r1-0-g6bdbf5b0 on Windows; cwd md5: 9a53e3579a; save: region1; SC_MAP_UNLOADED; game type ADVENTURE_MAIN (1)
[2020-06-01T22:54:19-0700] DFHack 0.47.04-r1-0-g6bdbf5b0 on Windows; cwd md5: 9a53e3579a; save: region1; SC_MAP_LOADED; game type ADVENTURE_MAIN (1)
[2020-06-01T22:54:23-0700] DFHack 0.47.04-r1-0-g6bdbf5b0 on Windows; cwd md5: 9a53e3579a; save: region1; SC_MAP_UNLOADED; game type ADVENTURE_MAIN (1)
[2020-06-01T22:54:48-0700] DFHack 0.47.04-r1-0-g6bdbf5b0 on Windows; cwd md5: 9a53e3579a; save: region1; SC_MAP_LOADED; game type ADVENTURE_MAIN (1)
[2020-06-01T22:55:24-0700] DFHack 0.47.04-r1-0-g6bdbf5b0 on Windows; cwd md5: 9a53e3579a; save: region1; SC_MAP_UNLOADED; game type ADVENTURE_MAIN (1)
[2020-06-01T22:55:39-0700] DFHack 0.47.04-r1-0-g6bdbf5b0 on Windows; cwd md5: 9a53e3579a; save: region1; SC_MAP_LOADED; game type ADVENTURE_MAIN (1)
[2020-06-01T23:06:47-0700] DFHack 0.47.04-r1-0-g6bdbf5b0 on Windows; cwd md5: 9a53e3579a; save: region1; SC_MAP_UNLOADED; game type ADVENTURE_MAIN (1)
[2020-06-01T23:07:01-0700] DFHack 0.47.04-r1-0-g6bdbf5b0 on Windows; cwd md5: 9a53e3579a; save: region1; SC_MAP_LOADED; game type ADVENTURE_MAIN (1)
[2020-06-01T23:07:04-0700] DFHack 0.47.04-r1-0-g6bdbf5b0 on Windows; cwd md5: 9a53e3579a; save: region1; SC_MAP_UNLOADED; game type ADVENTURE_MAIN (1)
[2020-06-01T23:07:06-0700] DFHack 0.47.04-r1-0-g6bdbf5b0 on Windows; cwd md5: 9a53e3579a; save: region1; SC_MAP_LOADED; game type ADVENTURE_MAIN (1)
[2020-06-01T23:08:42-0700] DFHack 0.47.04-r1-0-g6bdbf5b0 on Windows; cwd md5: 9a53e3579a; save: region1; SC_MAP_UNLOADED; game type ADVENTURE_MAIN (1)
[2020-06-01T23:08:43-0700] DFHack 0.47.04-r1-0-g6bdbf5b0 on Windows; cwd md5: 9a53e3579a; save: region1; SC_MAP_LOADED; game type ADVENTURE_MAIN (1)
[2020-06-01T23:08:45-0700] DFHack 0.47.04-r1-0-g6bdbf5b0 on Windows; cwd md5: 9a53e3579a; save: region1; SC_MAP_UNLOADED; game type ADVENTURE_MAIN (1)
[2020-06-01T23:08:56-0700] DFHack 0.47.04-r1-0-g6bdbf5b0 on Windows; cwd md5: 9a53e3579a; save: region1; SC_MAP_LOADED; game type ADVENTURE_MAIN (1)
[2020-06-01T23:09:00-0700] DFHack 0.47.04-r1-0-g6bdbf5b0 on Windows; cwd md5: 9a53e3579a; save: region1; SC_MAP_UNLOADED; game type ADVENTURE_MAIN (1)
[2020-06-01T23:09:00-0700] DFHack 0.47.04-r1-0-g6bdbf5b0 on Windows; cwd md5: 9a53e3579a; save: region1; SC_WORLD_UNLOADED; game type ADVENTURE_MAIN (1)
[2020-06-01T23:09:26-0700] DFHack 0.47.04-r1-0-g6bdbf5b0 on Windows; cwd md5: 9a53e3579a; save: region1; SC_WORLD_LOADED; game type ADVENTURE_MAIN (1)
[2020-06-01T23:09:27-0700] DFHack 0.47.04-r1-0-g6bdbf5b0 on Windows; cwd md5: 9a53e3579a; save: region1; SC_MAP_LOADED; game type ADVENTURE_MAIN (1)
[2020-06-01T23:16:16-0700] DFHack 0.47.04-r1-0-g6bdbf5b0 on Windows; cwd md5: 9a53e3579a; save: region1; SC_MAP_UNLOADED; game type ADVENTURE_MAIN (1)
[2020-06-01T23:16:16-0700] DFHack 0.47.04-r1-0-g6bdbf5b0 on Windows; cwd md5: 9a53e3579a; save: region1; SC_WORLD_UNLOADED; game type ADVENTURE_MAIN (1)
[2020-06-02T11:50:23-0700] DFHack 0.47.04-r1-0-g6bdbf5b0 on Windows; cwd md5: 9a53e3579a; save: region1; SC_WORLD_LOADED; game type ADVENTURE_MAIN (1)
[2020-06-02T11:50:24-0700] DFHack 0.47.04-r1-0-g6bdbf5b0 on Windows; cwd md5: 9a53e3579a; save: region1; SC_MAP_LOADED; game type ADVENTURE_MAIN (1)
[2020-06-02T12:00:01-0700] DFHack 0.47.04-r1-0-g6bdbf5b0 on Windows; cwd md5: 9a53e3579a; save: region1; SC_MAP_UNLOADED; game type ADVENTURE_MAIN (1)
[2020-06-02T12:00:35-0700] DFHack 0.47.04-r1-0-g6bdbf5b0 on Windows; cwd md5: 9a53e3579a; save: region1; SC_MAP_LOADED; game type ADVENTURE_MAIN (1)
[2020-06-02T12:00:38-0700] DFHack 0.47.04-r1-0-g6bdbf5b0 on Windows; cwd md5: 9a53e3579a; save: region1; SC_MAP_UNLOADED; game type ADVENTURE_MAIN (1)
[2020-06-02T12:00:39-0700] DFHack 0.47.04-r1-0-g6bdbf5b0 on Windows; cwd md5: 9a53e3579a; save: region1; SC_MAP_LOADED; game type ADVENTURE_MAIN (1)
[2020-06-02T12:00:43-0700] DFHack 0.47.04-r1-0-g6bdbf5b0 on Windows; cwd md5: 9a53e3579a; save: region1; SC_MAP_UNLOADED; game type ADVENTURE_MAIN (1)
[2020-06-02T12:01:10-0700] DFHack 0.47.04-r1-0-g6bdbf5b0 on Windows; cwd md5: 9a53e3579a; save: region1; SC_MAP_LOADED; game type ADVENTURE_MAIN (1)
[2020-06-02T12:03:31-0700] DFHack 0.47.04-r1-0-g6bdbf5b0 on Windows; cwd md5: 9a53e3579a; save: region1; SC_MAP_UNLOADED; game type ADVENTURE_MAIN (1)
[2020-06-02T12:03:48-0700] DFHack 0.47.04-r1-0-g6bdbf5b0 on Windows; cwd md5: 9a53e3579a; save: region1; SC_MAP_LOADED; game type ADVENTURE_MAIN (1)
[2020-06-02T12:03:53-0700] DFHack 0.47.04-r1-0-g6bdbf5b0 on Windows; cwd md5: 9a53e3579a; save: region1; SC_MAP_UNLOADED; game type ADVENTURE_MAIN (1)
[2020-06-02T12:03:54-0700] DFHack 0.47.04-r1-0-g6bdbf5b0 on Windows; cwd md5: 9a53e3579a; save: region1; SC_MAP_LOADED; game type ADVENTURE_MAIN (1)
[2020-06-02T12:04:02-0700] DFHack 0.47.04-r1-0-g6bdbf5b0 on Windows; cwd md5: 9a53e3579a; save: region1; SC_MAP_UNLOADED; game type ADVENTURE_MAIN (1)
[2020-06-02T12:04:18-0700] DFHack 0.47.04-r1-0-g6bdbf5b0 on Windows; cwd md5: 9a53e3579a; save: region1; SC_MAP_LOADED; game type ADVENTURE_MAIN (1)
[2020-06-02T12:04:31-0700] DFHack 0.47.04-r1-0-g6bdbf5b0 on Windows; cwd md5: 9a53e3579a; save: region1; SC_MAP_UNLOADED; game type ADVENTURE_MAIN (1)
[2020-06-02T12:04:56-0700] DFHack 0.47.04-r1-0-g6bdbf5b0 on Windows; cwd md5: 9a53e3579a; save: region1; SC_MAP_LOADED; game type ADVENTURE_MAIN (1)
[2020-06-02T12:04:59-0700] DFHack 0.47.04-r1-0-g6bdbf5b0 on Windows; cwd md5: 9a53e3579a; save: region1; SC_MAP_UNLOADED; game type ADVENTURE_MAIN (1)
[2020-06-02T12:05:00-0700] DFHack 0.47.04-r1-0-g6bdbf5b0 on Windows; cwd md5: 9a53e3579a; save: region1; SC_MAP_LOADED; game type ADVENTURE_MAIN (1)
[2020-06-02T12:05:03-0700] DFHack 0.47.04-r1-0-g6bdbf5b0 on Windows; cwd md5: 9a53e3579a; save: region1; SC_MAP_UNLOADED; game type ADVENTURE_MAIN (1)
[2020-06-02T12:05:30-0700] DFHack 0.47.04-r1-0-g6bdbf5b0 on Windows; cwd md5: 9a53e3579a; save: region1; SC_MAP_LOADED; game type ADVENTURE_MAIN (1)
[2020-06-02T12:05:33-0700] DFHack 0.47.04-r1-0-g6bdbf5b0 on Windows; cwd md5: 9a53e3579a; save: region1; SC_MAP_UNLOADED; game type ADVENTURE_MAIN (1)
[2020-06-02T12:05:34-0700] DFHack 0.47.04-r1-0-g6bdbf5b0 on Windows; cwd md5: 9a53e3579a; save: region1; SC_MAP_LOADED; game type ADVENTURE_MAIN (1)
[2020-06-02T12:05:40-0700] DFHack 0.47.04-r1-0-g6bdbf5b0 on Windows; cwd md5: 9a53e3579a; save: region1; SC_MAP_UNLOADED; game type ADVENTURE_MAIN (1)
[2020-06-02T12:05:41-0700] DFHack 0.47.04-r1-0-g6bdbf5b0 on Windows; cwd md5: 9a53e3579a; save: region1; SC_MAP_LOADED; game type ADVENTURE_MAIN (1)
[2020-06-02T12:05:43-0700] DFHack 0.47.04-r1-0-g6bdbf5b0 on Windows; cwd md5: 9a53e3579a; save: region1; SC_MAP_UNLOADED; game type ADVENTURE_MAIN (1)
[2020-06-02T12:06:21-0700] DFHack 0.47.04-r1-0-g6bdbf5b0 on Windows; cwd md5: 9a53e3579a; save: region1; SC_MAP_LOADED; game type ADVENTURE_MAIN (1)
[2020-06-02T12:07:07-0700] DFHack 0.47.04-r1-0-g6bdbf5b0 on Windows; cwd md5: 9a53e3579a; save: region1; SC_MAP_UNLOADED; game type ADVENTURE_MAIN (1)
[2020-06-02T12:07:08-0700] DFHack 0.47.04-r1-0-g6bdbf5b0 on Windows; cwd md5: 9a53e3579a; save: region1; SC_MAP_LOADED; game type ADVENTURE_MAIN (1)
[2020-06-02T12:07:11-0700] DFHack 0.47.04-r1-0-g6bdbf5b0 on Windows; cwd md5: 9a53e3579a; save: region1; SC_MAP_UNLOADED; game type ADVENTURE_MAIN (1)
[2020-06-02T12:07:40-0700] DFHack 0.47.04-r1-0-g6bdbf5b0 on Windows; cwd md5: 9a53e3579a; save: region1; SC_MAP_LOADED; game type ADVENTURE_MAIN (1)
[2020-06-02T12:07:42-0700] DFHack 0.47.04-r1-0-g6bdbf5b0 on Windows; cwd md5: 9a53e3579a; save: region1; SC_MAP_UNLOADED; game type ADVENTURE_MAIN (1)
[2020-06-02T12:07:43-0700] DFHack 0.47.04-r1-0-g6bdbf5b0 on Windows; cwd md5: 9a53e3579a; save: region1; SC_MAP_LOADED; game type ADVENTURE_MAIN (1)
[2020-06-02T12:07:45-0700] DFHack 0.47.04-r1-0-g6bdbf5b0 on Windows; cwd md5: 9a53e3579a; save: region1; SC_MAP_UNLOADED; game type ADVENTURE_MAIN (1)
[2020-06-02T12:08:14-0700] DFHack 0.47.04-r1-0-g6bdbf5b0 on Windows; cwd md5: 9a53e3579a; save: region1; SC_MAP_LOADED; game type ADVENTURE_MAIN (1)
[2020-06-02T12:08:16-0700] DFHack 0.47.04-r1-0-g6bdbf5b0 on Windows; cwd md5: 9a53e3579a; save: region1; SC_MAP_UNLOADED; game type ADVENTURE_MAIN (1)
[2020-06-02T12:08:17-0700] DFHack 0.47.04-r1-0-g6bdbf5b0 on Windows; cwd md5: 9a53e3579a; save: region1; SC_MAP_LOADED; game type ADVENTURE_MAIN (1)
[2020-06-02T12:08:22-0700] DFHack 0.47.04-r1-0-g6bdbf5b0 on Windows; cwd md5: 9a53e3579a; save: region1; SC_MAP_UNLOADED; game type ADVENTURE_MAIN (1)
[2020-06-02T12:08:40-0700] DFHack 0.47.04-r1-0-g6bdbf5b0 on Windows; cwd md5: 9a53e3579a; save: region1; SC_MAP_LOADED; game type ADVENTURE_MAIN (1)
[2020-06-02T12:15:38-0700] DFHack 0.47.04-r1-0-g6bdbf5b0 on Windows; cwd md5: 9a53e3579a; save: region1; SC_MAP_UNLOADED; game type ADVENTURE_MAIN (1)
[2020-06-02T12:15:39-0700] DFHack 0.47.04-r1-0-g6bdbf5b0 on Windows; cwd md5: 9a53e3579a; save: region1; SC_MAP_LOADED; game type ADVENTURE_MAIN (1)
[2020-06-02T12:26:18-0700] DFHack 0.47.04-r1-0-g6bdbf5b0 on Windows; cwd md5: 9a53e3579a; save: region1; SC_MAP_UNLOADED; game type ADVENTURE_MAIN (1)
[2020-06-02T12:26:25-0700] DFHack 0.47.04-r1-0-g6bdbf5b0 on Windows; cwd md5: 9a53e3579a; save: region1; SC_MAP_LOADED; game type ADVENTURE_MAIN (1)
[2020-06-02T12:28:12-0700] DFHack 0.47.04-r1-0-g6bdbf5b0 on Windows; cwd md5: 9a53e3579a; save: region1; SC_MAP_UNLOADED; game type ADVENTURE_MAIN (1)
[2020-06-02T12:28:21-0700] DFHack 0.47.04-r1-0-g6bdbf5b0 on Windows; cwd md5: 9a53e3579a; save: region1; SC_MAP_LOADED; game type ADVENTURE_MAIN (1)
[2020-06-02T12:29:58-0700] DFHack 0.47.04-r1-0-g6bdbf5b0 on Windows; cwd md5: 9a53e3579a; save: region1; SC_MAP_UNLOADED; game type ADVENTURE_MAIN (1)
[2020-06-02T12:30:08-0700] DFHack 0.47.04-r1-0-g6bdbf5b0 on Windows; cwd md5: 9a53e3579a; save: region1; SC_MAP_LOADED; game type ADVENTURE_MAIN (1)
[2020-06-02T12:30:11-0700] DFHack 0.47.04-r1-0-g6bdbf5b0 on Windows; cwd md5: 9a53e3579a; save: region1; SC_MAP_UNLOADED; game type ADVENTURE_MAIN (1)
[2020-06-02T12:30:13-0700] DFHack 0.47.04-r1-0-g6bdbf5b0 on Windows; cwd md5: 9a53e3579a; save: region1; SC_MAP_LOADED; game type ADVENTURE_MAIN (1)
[2020-06-02T12:32:19-0700] DFHack 0.47.04-r1-0-g6bdbf5b0 on Windows; cwd md5: 9a53e3579a; save: region1; SC_MAP_UNLOADED; game type ADVENTURE_MAIN (1)
[2020-06-02T12:32:38-0700] DFHack 0.47.04-r1-0-g6bdbf5b0 on Windows; cwd md5: 9a53e3579a; save: region1; SC_MAP_LOADED; game type ADVENTURE_MAIN (1)
[2020-06-02T12:32:44-0700] DFHack 0.47.04-r1-0-g6bdbf5b0 on Windows; cwd md5: 9a53e3579a; save: region1; SC_MAP_UNLOADED; game type ADVENTURE_MAIN (1)
[2020-06-02T12:32:48-0700] DFHack 0.47.04-r1-0-g6bdbf5b0 on Windows; cwd md5: 9a53e3579a; save: region1; SC_MAP_LOADED; game type ADVENTURE_MAIN (1)
[2020-06-02T12:42:54-0700] DFHack 0.47.04-r1-0-g6bdbf5b0 on Windows; cwd md5: 9a53e3579a; save: region1; SC_MAP_UNLOADED; game type ADVENTURE_MAIN (1)
[2020-06-02T12:43:03-0700] DFHack 0.47.04-r1-0-g6bdbf5b0 on Windows; cwd md5: 9a53e3579a; save: region1; SC_MAP_LOADED; game type ADVENTURE_MAIN (1)
[2020-06-02T12:43:06-0700] DFHack 0.47.04-r1-0-g6bdbf5b0 on Windows; cwd md5: 9a53e3579a; save: region1; SC_MAP_UNLOADED; game type ADVENTURE_MAIN (1)
[2020-06-02T12:43:06-0700] DFHack 0.47.04-r1-0-g6bdbf5b0 on Windows; cwd md5: 9a53e3579a; save: region1; SC_WORLD_UNLOADED; game type ADVENTURE_MAIN (1)
[2020-06-02T14:04:46-0700] DFHack 0.47.04-r1-0-g6bdbf5b0 on Windows; cwd md5: 9a53e3579a; save: region1; SC_WORLD_LOADED; game type ADVENTURE_MAIN (1)
[2020-06-02T14:04:46-0700] DFHack 0.47.04-r1-0-g6bdbf5b0 on Windows; cwd md5: 9a53e3579a; save: region1; SC_MAP_LOADED; game type ADVENTURE_MAIN (1)
[2020-06-02T14:06:15-0700] DFHack 0.47.04-r1-0-g6bdbf5b0 on Windows; cwd md5: 9a53e3579a; save: region1; SC_MAP_UNLOADED; game type ADVENTURE_MAIN (1)
[2020-06-02T14:06:21-0700] DFHack 0.47.04-r1-0-g6bdbf5b0 on Windows; cwd md5: 9a53e3579a; save: region1; SC_MAP_LOADED; game type ADVENTURE_MAIN (1)
[2020-06-02T14:06:53-0700] DFHack 0.47.04-r1-0-g6bdbf5b0 on Windows; cwd md5: 9a53e3579a; save: region1; SC_MAP_UNLOADED; game type ADVENTURE_MAIN (1)
[2020-06-02T14:06:55-0700] DFHack 0.47.04-r1-0-g6bdbf5b0 on Windows; cwd md5: 9a53e3579a; save: region1; SC_MAP_LOADED; game type ADVENTURE_MAIN (1)
[2020-06-02T14:07:02-0700] DFHack 0.47.04-r1-0-g6bdbf5b0 on Windows; cwd md5: 9a53e3579a; save: region1; SC_MAP_UNLOADED; game type ADVENTURE_MAIN (1)
[2020-06-02T14:07:03-0700] DFHack 0.47.04-r1-0-g6bdbf5b0 on Windows; cwd md5: 9a53e3579a; save: region1; SC_MAP_LOADED; game type ADVENTURE_MAIN (1)
[2020-06-02T14:07:08-0700] DFHack 0.47.04-r1-0-g6bdbf5b0 on Windows; cwd md5: 9a53e3579a; save: region1; SC_MAP_UNLOADED; game type ADVENTURE_MAIN (1)
[2020-06-02T14:08:01-0700] DFHack 0.47.04-r1-0-g6bdbf5b0 on Windows; cwd md5: 9a53e3579a; save: region1; SC_MAP_LOADED; game type ADVENTURE_MAIN (1)
[2020-06-02T14:08:05-0700] DFHack 0.47.04-r1-0-g6bdbf5b0 on Windows; cwd md5: 9a53e3579a; save: region1; SC_MAP_UNLOADED; game type ADVENTURE_MAIN (1)
[2020-06-02T14:08:06-0700] DFHack 0.47.04-r1-0-g6bdbf5b0 on Windows; cwd md5: 9a53e3579a; save: region1; SC_MAP_LOADED; game type ADVENTURE_MAIN (1)
[2020-06-02T14:08:11-0700] DFHack 0.47.04-r1-0-g6bdbf5b0 on Windows; cwd md5: 9a53e3579a; save: region1; SC_MAP_UNLOADED; game type ADVENTURE_MAIN (1)
[2020-06-02T14:08:13-0700] DFHack 0.47.04-r1-0-g6bdbf5b0 on Windows; cwd md5: 9a53e3579a; save: region1; SC_MAP_LOADED; game type ADVENTURE_MAIN (1)
[2020-06-02T14:09:42-0700] DFHack 0.47.04-r1-0-g6bdbf5b0 on Windows; cwd md5: 9a53e3579a; save: region1; SC_MAP_UNLOADED; game type ADVENTURE_MAIN (1)
[2020-06-02T14:10:07-0700] DFHack 0.47.04-r1-0-g6bdbf5b0 on Windows; cwd md5: 9a53e3579a; save: region1; SC_MAP_LOADED; game type ADVENTURE_MAIN (1)
[2020-06-02T14:10:10-0700] DFHack 0.47.04-r1-0-g6bdbf5b0 on Windows; cwd md5: 9a53e3579a; save: region1; SC_MAP_UNLOADED; game type ADVENTURE_MAIN (1)
[2020-06-02T14:10:12-0700] DFHack 0.47.04-r1-0-g6bdbf5b0 on Windows; cwd md5: 9a53e3579a; save: region1; SC_MAP_LOADED; game type ADVENTURE_MAIN (1)
[2020-06-02T14:11:22-0700] DFHack 0.47.04-r1-0-g6bdbf5b0 on Windows; cwd md5: 9a53e3579a; save: region1; SC_MAP_UNLOADED; game type ADVENTURE_MAIN (1)
[2020-06-02T14:11:25-0700] DFHack 0.47.04-r1-0-g6bdbf5b0 on Windows; cwd md5: 9a53e3579a; save: region1; SC_MAP_LOADED; game type ADVENTURE_MAIN (1)
[2020-06-02T14:11:29-0700] DFHack 0.47.04-r1-0-g6bdbf5b0 on Windows; cwd md5: 9a53e3579a; save: region1; SC_MAP_UNLOADED; game type ADVENTURE_MAIN (1)
[2020-06-02T14:11:43-0700] DFHack 0.47.04-r1-0-g6bdbf5b0 on Windows; cwd md5: 9a53e3579a; save: region1; SC_MAP_LOADED; game type ADVENTURE_MAIN (1)
[2020-06-02T14:14:11-0700] DFHack 0.47.04-r1-0-g6bdbf5b0 on Windows; cwd md5: 9a53e3579a; save: region1; SC_MAP_UNLOADED; game type ADVENTURE_MAIN (1)
[2020-06-02T14:14:30-0700] DFHack 0.47.04-r1-0-g6bdbf5b0 on Windows; cwd md5: 9a53e3579a; save: region1; SC_MAP_LOADED; game type ADVENTURE_MAIN (1)
[2020-06-02T14:16:51-0700] DFHack 0.47.04-r1-0-g6bdbf5b0 on Windows; cwd md5: 9a53e3579a; save: region1; SC_MAP_UNLOADED; game type ADVENTURE_MAIN (1)
[2020-06-02T14:17:27-0700] DFHack 0.47.04-r1-0-g6bdbf5b0 on Windows; cwd md5: 9a53e3579a; save: region1; SC_MAP_LOADED; game type ADVENTURE_MAIN (1)
[2020-06-02T14:22:04-0700] DFHack 0.47.04-r1-0-g6bdbf5b0 on Windows; cwd md5: 9a53e3579a; save: region1; SC_MAP_UNLOADED; game type ADVENTURE_MAIN (1)
[2020-06-02T14:22:42-0700] DFHack 0.47.04-r1-0-g6bdbf5b0 on Windows; cwd md5: 9a53e3579a; save: region1; SC_MAP_LOADED; game type ADVENTURE_MAIN (1)
[2020-06-02T14:22:45-0700] DFHack 0.47.04-r1-0-g6bdbf5b0 on Windows; cwd md5: 9a53e3579a; save: region1; SC_MAP_UNLOADED; game type ADVENTURE_MAIN (1)
[2020-06-02T14:22:47-0700] DFHack 0.47.04-r1-0-g6bdbf5b0 on Windows; cwd md5: 9a53e3579a; save: region1; SC_MAP_LOADED; game type ADVENTURE_MAIN (1)
[2020-06-02T14:22:52-0700] DFHack 0.47.04-r1-0-g6bdbf5b0 on Windows; cwd md5: 9a53e3579a; save: region1; SC_MAP_UNLOADED; game type ADVENTURE_MAIN (1)
[2020-06-02T14:22:54-0700] DFHack 0.47.04-r1-0-g6bdbf5b0 on Windows; cwd md5: 9a53e3579a; save: region1; SC_MAP_LOADED; game type ADVENTURE_MAIN (1)
[2020-06-02T14:22:57-0700] DFHack 0.47.04-r1-0-g6bdbf5b0 on Windows; cwd md5: 9a53e3579a; save: region1; SC_MAP_UNLOADED; game type ADVENTURE_MAIN (1)
[2020-06-02T14:23:58-0700] DFHack 0.47.04-r1-0-g6bdbf5b0 on Windows; cwd md5: 9a53e3579a; save: region1; SC_MAP_LOADED; game type ADVENTURE_MAIN (1)
[2020-06-02T14:24:05-0700] DFHack 0.47.04-r1-0-g6bdbf5b0 on Windows; cwd md5: 9a53e3579a; save: region1; SC_MAP_UNLOADED; game type ADVENTURE_MAIN (1)
[2020-06-02T14:24:05-0700] DFHack 0.47.04-r1-0-g6bdbf5b0 on Windows; cwd md5: 9a53e3579a; save: region1; SC_WORLD_UNLOADED; game type ADVENTURE_MAIN (1)
[2020-06-02T14:24:33-0700] DFHack 0.47.04-r1-0-g6bdbf5b0 on Windows; cwd md5: 9a53e3579a; save: region1; SC_WORLD_LOADED; game type ADVENTURE_MAIN (1)
[2020-06-02T14:24:34-0700] DFHack 0.47.04-r1-0-g6bdbf5b0 on Windows; cwd md5: 9a53e3579a; save: region1; SC_MAP_LOADED; game type ADVENTURE_MAIN (1)
[2020-06-02T14:24:37-0700] DFHack 0.47.04-r1-0-g6bdbf5b0 on Windows; cwd md5: 9a53e3579a; save: region1; SC_MAP_UNLOADED; game type ADVENTURE_MAIN (1)
[2020-06-02T14:24:41-0700] DFHack 0.47.04-r1-0-g6bdbf5b0 on Windows; cwd md5: 9a53e3579a; save: region1; SC_MAP_LOADED; game type ADVENTURE_MAIN (1)
[2020-06-02T14:25:14-0700] DFHack 0.47.04-r1-0-g6bdbf5b0 on Windows; cwd md5: 9a53e3579a; save: region1; SC_WORLD_LOADED; game type ADVENTURE_MAIN (1)
[2020-06-02T14:25:15-0700] DFHack 0.47.04-r1-0-g6bdbf5b0 on Windows; cwd md5: 9a53e3579a; save: region1; SC_MAP_LOADED; game type ADVENTURE_MAIN (1)
[2020-06-02T14:25:32-0700] DFHack 0.47.04-r1-0-g6bdbf5b0 on Windows; cwd md5: 9a53e3579a; save: region1; SC_MAP_UNLOADED; game type ADVENTURE_MAIN (1)
[2020-06-02T14:25:34-0700] DFHack 0.47.04-r1-0-g6bdbf5b0 on Windows; cwd md5: 9a53e3579a; save: region1; SC_MAP_LOADED; game type ADVENTURE_MAIN (1)
[2020-06-02T14:25:38-0700] DFHack 0.47.04-r1-0-g6bdbf5b0 on Windows; cwd md5: 9a53e3579a; save: region1; SC_MAP_UNLOADED; game type ADVENTURE_MAIN (1)
[2020-06-02T14:25:39-0700] DFHack 0.47.04-r1-0-g6bdbf5b0 on Windows; cwd md5: 9a53e3579a; save: region1; SC_MAP_LOADED; game type ADVENTURE_MAIN (1)
[2020-06-02T14:25:43-0700] DFHack 0.47.04-r1-0-g6bdbf5b0 on Windows; cwd md5: 9a53e3579a; save: region1; SC_MAP_UNLOADED; game type ADVENTURE_MAIN (1)
[2020-06-02T14:25:45-0700] DFHack 0.47.04-r1-0-g6bdbf5b0 on Windows; cwd md5: 9a53e3579a; save: region1; SC_MAP_LOADED; game type ADVENTURE_MAIN (1)
[2020-06-02T14:25:48-0700] DFHack 0.47.04-r1-0-g6bdbf5b0 on Windows; cwd md5: 9a53e3579a; save: region1; SC_MAP_UNLOADED; game type ADVENTURE_MAIN (1)
[2020-06-02T14:25:50-0700] DFHack 0.47.04-r1-0-g6bdbf5b0 on Windows; cwd md5: 9a53e3579a; save: region1; SC_MAP_LOADED; game type ADVENTURE_MAIN (1)
[2020-06-02T14:25:53-0700] DFHack 0.47.04-r1-0-g6bdbf5b0 on Windows; cwd md5: 9a53e3579a; save: region1; SC_MAP_UNLOADED; game type ADVENTURE_MAIN (1)
[2020-06-02T14:25:55-0700] DFHack 0.47.04-r1-0-g6bdbf5b0 on Windows; cwd md5: 9a53e3579a; save: region1; SC_MAP_LOADED; game type ADVENTURE_MAIN (1)
[2020-06-02T14:25:58-0700] DFHack 0.47.04-r1-0-g6bdbf5b0 on Windows; cwd md5: 9a53e3579a; save: region1; SC_MAP_UNLOADED; game type ADVENTURE_MAIN (1)
[2020-06-02T14:26:00-0700] DFHack 0.47.04-r1-0-g6bdbf5b0 on Windows; cwd md5: 9a53e3579a; save: region1; SC_MAP_LOADED; game type ADVENTURE_MAIN (1)
[2020-06-02T14:26:04-0700] DFHack 0.47.04-r1-0-g6bdbf5b0 on Windows; cwd md5: 9a53e3579a; save: region1; SC_MAP_UNLOADED; game type ADVENTURE_MAIN (1)
[2020-06-02T14:26:05-0700] DFHack 0.47.04-r1-0-g6bdbf5b0 on Windows; cwd md5: 9a53e3579a; save: region1; SC_MAP_LOADED; game type ADVENTURE_MAIN (1)
[2020-06-02T14:26:12-0700] DFHack 0.47.04-r1-0-g6bdbf5b0 on Windows; cwd md5: 9a53e3579a; save: region1; SC_MAP_UNLOADED; game type ADVENTURE_MAIN (1)
[2020-06-02T14:26:14-0700] DFHack 0.47.04-r1-0-g6bdbf5b0 on Windows; cwd md5: 9a53e3579a; save: region1; SC_MAP_LOADED; game type ADVENTURE_MAIN (1)
[2020-06-02T14:26:20-0700] DFHack 0.47.04-r1-0-g6bdbf5b0 on Windows; cwd md5: 9a53e3579a; save: region1; SC_MAP_UNLOADED; game type ADVENTURE_MAIN (1)
[2020-06-02T14:26:21-0700] DFHack 0.47.04-r1-0-g6bdbf5b0 on Windows; cwd md5: 9a53e3579a; save: region1; SC_MAP_LOADED; game type ADVENTURE_MAIN (1)
[2020-06-02T14:26:25-0700] DFHack 0.47.04-r1-0-g6bdbf5b0 on Windows; cwd md5: 9a53e3579a; save: region1; SC_MAP_UNLOADED; game type ADVENTURE_MAIN (1)
[2020-06-02T14:26:27-0700] DFHack 0.47.04-r1-0-g6bdbf5b0 on Windows; cwd md5: 9a53e3579a; save: region1; SC_MAP_LOADED; game type ADVENTURE_MAIN (1)
[2020-06-02T14:26:31-0700] DFHack 0.47.04-r1-0-g6bdbf5b0 on Windows; cwd md5: 9a53e3579a; save: region1; SC_MAP_UNLOADED; game type ADVENTURE_MAIN (1)
[2020-06-02T14:26:33-0700] DFHack 0.47.04-r1-0-g6bdbf5b0 on Windows; cwd md5: 9a53e3579a; save: region1; SC_MAP_LOADED; game type ADVENTURE_MAIN (1)
[2020-06-02T14:26:38-0700] DFHack 0.47.04-r1-0-g6bdbf5b0 on Windows; cwd md5: 9a53e3579a; save: region1; SC_MAP_UNLOADED; game type ADVENTURE_MAIN (1)
[2020-06-02T14:26:40-0700] DFHack 0.47.04-r1-0-g6bdbf5b0 on Windows; cwd md5: 9a53e3579a; save: region1; SC_MAP_LOADED; game type ADVENTURE_MAIN (1)
[2020-06-02T14:26:46-0700] DFHack 0.47.04-r1-0-g6bdbf5b0 on Windows; cwd md5: 9a53e3579a; save: region1; SC_MAP_UNLOADED; game type ADVENTURE_MAIN (1)
[2020-06-02T14:26:47-0700] DFHack 0.47.04-r1-0-g6bdbf5b0 on Windows; cwd md5: 9a53e3579a; save: region1; SC_MAP_LOADED; game type ADVENTURE_MAIN (1)
[2020-06-02T14:26:57-0700] DFHack 0.47.04-r1-0-g6bdbf5b0 on Windows; cwd md5: 9a53e3579a; save: region1; SC_MAP_UNLOADED; game type ADVENTURE_MAIN (1)
[2020-06-02T14:26:59-0700] DFHack 0.47.04-r1-0-g6bdbf5b0 on Windows; cwd md5: 9a53e3579a; save: region1; SC_MAP_LOADED; game type ADVENTURE_MAIN (1)
[2020-06-02T14:27:03-0700] DFHack 0.47.04-r1-0-g6bdbf5b0 on Windows; cwd md5: 9a53e3579a; save: region1; SC_MAP_UNLOADED; game type ADVENTURE_MAIN (1)
[2020-06-02T14:27:05-0700] DFHack 0.47.04-r1-0-g6bdbf5b0 on Windows; cwd md5: 9a53e3579a; save: region1; SC_MAP_LOADED; game type ADVENTURE_MAIN (1)
[2020-06-02T14:29:15-0700] DFHack 0.47.04-r1-0-g6bdbf5b0 on Windows; cwd md5: 9a53e3579a; save: region1; SC_MAP_UNLOADED; game type ADVENTURE_MAIN (1)
[2020-06-02T14:29:17-0700] DFHack 0.47.04-r1-0-g6bdbf5b0 on Windows; cwd md5: 9a53e3579a; save: region1; SC_MAP_LOADED; game type ADVENTURE_MAIN (1)
[2020-06-02T14:29:26-0700] DFHack 0.47.04-r1-0-g6bdbf5b0 on Windows; cwd md5: 9a53e3579a; save: region1; SC_MAP_UNLOADED; game type ADVENTURE_MAIN (1)
[2020-06-02T14:29:28-0700] DFHack 0.47.04-r1-0-g6bdbf5b0 on Windows; cwd md5: 9a53e3579a; save: region1; SC_MAP_LOADED; game type ADVENTURE_MAIN (1)
[2020-06-02T14:29:33-0700] DFHack 0.47.04-r1-0-g6bdbf5b0 on Windows; cwd md5: 9a53e3579a; save: region1; SC_MAP_UNLOADED; game type ADVENTURE_MAIN (1)
[2020-06-02T14:29:35-0700] DFHack 0.47.04-r1-0-g6bdbf5b0 on Windows; cwd md5: 9a53e3579a; save: region1; SC_MAP_LOADED; game type ADVENTURE_MAIN (1)
[2020-06-02T14:29:40-0700] DFHack 0.47.04-r1-0-g6bdbf5b0 on Windows; cwd md5: 9a53e3579a; save: region1; SC_MAP_UNLOADED; game type ADVENTURE_MAIN (1)
[2020-06-02T14:29:42-0700] DFHack 0.47.04-r1-0-g6bdbf5b0 on Windows; cwd md5: 9a53e3579a; save: region1; SC_MAP_LOADED; game type ADVENTURE_MAIN (1)
[2020-06-02T14:29:46-0700] DFHack 0.47.04-r1-0-g6bdbf5b0 on Windows; cwd md5: 9a53e3579a; save: region1; SC_MAP_UNLOADED; game type ADVENTURE_MAIN (1)
[2020-06-02T14:29:48-0700] DFHack 0.47.04-r1-0-g6bdbf5b0 on Windows; cwd md5: 9a53e3579a; save: region1; SC_MAP_LOADED; game type ADVENTURE_MAIN (1)
[2020-06-02T14:29:54-0700] DFHack 0.47.04-r1-0-g6bdbf5b0 on Windows; cwd md5: 9a53e3579a; save: region1; SC_MAP_UNLOADED; game type ADVENTURE_MAIN (1)
[2020-06-02T14:29:56-0700] DFHack 0.47.04-r1-0-g6bdbf5b0 on Windows; cwd md5: 9a53e3579a; save: region1; SC_MAP_LOADED; game type ADVENTURE_MAIN (1)
[2020-06-02T14:30:01-0700] DFHack 0.47.04-r1-0-g6bdbf5b0 on Windows; cwd md5: 9a53e3579a; save: region1; SC_MAP_UNLOADED; game type ADVENTURE_MAIN (1)
[2020-06-02T14:30:02-0700] DFHack 0.47.04-r1-0-g6bdbf5b0 on Windows; cwd md5: 9a53e3579a; save: region1; SC_MAP_LOADED; game type ADVENTURE_MAIN (1)
[2020-06-02T14:31:40-0700] DFHack 0.47.04-r1-0-g6bdbf5b0 on Windows; cwd md5: 9a53e3579a; save: region1; SC_MAP_UNLOADED; game type ADVENTURE_MAIN (1)
[2020-06-02T14:31:41-0700] DFHack 0.47.04-r1-0-g6bdbf5b0 on Windows; cwd md5: 9a53e3579a; save: region1; SC_MAP_LOADED; game type ADVENTURE_MAIN (1)
[2020-06-02T14:33:11-0700] DFHack 0.47.04-r1-0-g6bdbf5b0 on Windows; cwd md5: 9a53e3579a; save: region1; SC_MAP_UNLOADED; game type ADVENTURE_MAIN (1)
[2020-06-02T14:33:13-0700] DFHack 0.47.04-r1-0-g6bdbf5b0 on Windows; cwd md5: 9a53e3579a; save: region1; SC_MAP_LOADED; game type ADVENTURE_MAIN (1)
[2020-06-02T14:34:36-0700] DFHack 0.47.04-r1-0-g6bdbf5b0 on Windows; cwd md5: 9a53e3579a; save: region1; SC_MAP_UNLOADED; game type ADVENTURE_MAIN (1)
[2020-06-02T14:35:36-0700] DFHack 0.47.04-r1-0-g6bdbf5b0 on Windows; cwd md5: 9a53e3579a; save: region1; SC_MAP_LOADED; game type ADVENTURE_MAIN (1)
[2020-06-02T14:36:09-0700] DFHack 0.47.04-r1-0-g6bdbf5b0 on Windows; cwd md5: 9a53e3579a; save: region1; SC_MAP_UNLOADED; game type ADVENTURE_MAIN (1)
[2020-06-02T14:36:26-0700] DFHack 0.47.04-r1-0-g6bdbf5b0 on Windows; cwd md5: 9a53e3579a; save: region1; SC_MAP_LOADED; game type ADVENTURE_MAIN (1)
[2020-06-02T14:36:28-0700] DFHack 0.47.04-r1-0-g6bdbf5b0 on Windows; cwd md5: 9a53e3579a; save: region1; SC_MAP_UNLOADED; game type ADVENTURE_MAIN (1)
[2020-06-02T14:36:30-0700] DFHack 0.47.04-r1-0-g6bdbf5b0 on Windows; cwd md5: 9a53e3579a; save: region1; SC_MAP_LOADED; game type ADVENTURE_MAIN (1)
[2020-06-02T14:36:34-0700] DFHack 0.47.04-r1-0-g6bdbf5b0 on Windows; cwd md5: 9a53e3579a; save: region1; SC_MAP_UNLOADED; game type ADVENTURE_MAIN (1)
[2020-06-02T14:36:50-0700] DFHack 0.47.04-r1-0-g6bdbf5b0 on Windows; cwd md5: 9a53e3579a; save: region1; SC_MAP_LOADED; game type ADVENTURE_MAIN (1)
[2020-06-02T14:38:58-0700] DFHack 0.47.04-r1-0-g6bdbf5b0 on Windows; cwd md5: 9a53e3579a; save: region1; SC_MAP_UNLOADED; game type ADVENTURE_MAIN (1)
[2020-06-02T14:39:03-0700] DFHack 0.47.04-r1-0-g6bdbf5b0 on Windows; cwd md5: 9a53e3579a; save: region1; SC_MAP_LOADED; game type ADVENTURE_MAIN (1)
[2020-06-02T14:41:41-0700] DFHack 0.47.04-r1-0-g6bdbf5b0 on Windows; cwd md5: 9a53e3579a; save: region1; SC_MAP_UNLOADED; game type ADVENTURE_MAIN (1)
[2020-06-02T14:41:41-0700] DFHack 0.47.04-r1-0-g6bdbf5b0 on Windows; cwd md5: 9a53e3579a; save: region1; SC_WORLD_UNLOADED; game type ADVENTURE_MAIN (1)
[2020-06-02T14:41:42-0700] DFHack 0.47.04-r1-0-g6bdbf5b0 on Windows; cwd md5: 9a53e3579a; save: region1; SC_WORLD_LOADED; game type ADVENTURE_MAIN (1)
[2020-06-02T14:41:59-0700] DFHack 0.47.04-r1-0-g6bdbf5b0 on Windows; cwd md5: 9a53e3579a; save: region1; SC_WORLD_UNLOADED; game type NONE (11)
[2020-06-02T14:42:27-0700] DFHack 0.47.04-r1-0-g6bdbf5b0 on Windows; cwd md5: 9a53e3579a; save: region1; SC_WORLD_LOADED; game type ADVENTURE_MAIN (1)
[2020-06-02T14:42:36-0700] DFHack 0.47.04-r1-0-g6bdbf5b0 on Windows; cwd md5: 9a53e3579a; save: region1; SC_WORLD_UNLOADED; game type NONE (11)
[2020-06-02T14:42:42-0700] DFHack 0.47.04-r1-0-g6bdbf5b0 on Windows; cwd md5: 9a53e3579a; save: region1; SC_WORLD_LOADED; game type DWARF_MAIN (0)
[2020-06-02T14:43:21-0700] DFHack 0.47.04-r1-0-g6bdbf5b0 on Windows; cwd md5: 9a53e3579a; save: region1; SC_WORLD_LOADED; game type DWARF_MAIN (0)
